\BOOKMARK [0][-]{chapter*.2}{\376\377\000D\000a\000n\000h\000\040\000s\000\341\000c\000h\000\040\000b\036\243\000n\000g}{}% 1
\BOOKMARK [0][-]{chapter*.3}{\376\377\000D\000a\000n\000h\000\040\000s\000\341\000c\000h\000\040\000h\000\354\000n\000h\000\040\000v\036\275}{}% 2
\BOOKMARK [0][-]{chapter*.5}{\376\377\000K\000\375\000\040\000h\000i\036\307\000u\000\040\000v\000\340\000\040\000c\000h\036\357\000\040\000v\000i\036\277\000t\000\040\000t\036\257\000t}{}% 3
\BOOKMARK [0][-]{chapter*.7}{\376\377\000M\036\337\000\040\001\021\036\247\000u}{}% 4
\BOOKMARK [0][-]{chapter.1}{\376\377\000G\000i\036\333\000i\000\040\000t\000h\000i\036\307\000u\000\040\000c\000h\000u\000n\000g}{}% 5
\BOOKMARK [1][-]{section.1.1}{\376\377\001\020\036\267\000t\000\040\000v\036\245\000n\000\040\001\021\036\301}{chapter.1}% 6
\BOOKMARK [1][-]{section.1.2}{\376\377\000K\000h\000\341\000i\000\040\000n\000i\036\307\000m\000\040\000C\000I\000/\000C\000D}{chapter.1}% 7
\BOOKMARK [1][-]{section.1.3}{\376\377\001\257\000u\000\040\001\021\000i\036\303\000m\000\040\000v\000\340\000\040\000h\036\241\000n\000\040\000c\000h\036\277\000\040\000c\036\347\000a\000\040\000q\000u\000y\000\040\000t\000r\000\354\000n\000h\000\040\000C\000I\000/\000C\000D}{chapter.1}% 8
\BOOKMARK [1][-]{section.1.4}{\376\377\000C\000\341\000c\000h\000\040\000t\000h\036\351\000c\000\040\000h\000o\036\241\000t\000\040\001\021\036\331\000n\000g\000\040\000c\036\347\000a\000\040\000q\000u\000y\000\040\000t\000r\000\354\000n\000h\000\040\000C\000I\000/\000C\000D}{chapter.1}% 9
\BOOKMARK [0][-]{chapter.2}{\376\377\000G\000i\036\333\000i\000\040\000t\000h\000i\036\307\000u\000\040\000c\000\341\000c\000\040\000n\036\301\000n\000\040\000t\036\243\000n\000g\000\040\000v\000\340\000\040\000\364\000n\000g\000\040\000c\036\345\000\040\000t\000r\000i\036\303\000n\000\040\000k\000h\000a\000i\000\040\000C\000I\000/\000C\000D}{}% 10
\BOOKMARK [1][-]{section.2.1}{\376\377\000C\000\341\000c\000\040\000n\036\301\000n\000\040\000t\036\243\000n\000g\000\040\001\021\001\260\036\343\000c\000\040\000s\036\355\000\040\000d\036\345\000n\000g\000\040\000t\000r\000i\036\303\000n\000\040\000k\000h\000a\000i\000\040\000C\000I\000/\000C\000D}{chapter.2}% 11
\BOOKMARK [2][-]{subsection.2.1.1}{\376\377\000G\000i\000t\000H\000u\000b}{section.2.1}% 12
\BOOKMARK [2][-]{subsection.2.1.2}{\376\377\000G\000i\000t\000L\000a\000b}{section.2.1}% 13
\BOOKMARK [2][-]{subsection.2.1.3}{\376\377\000J\000e\000n\000k\000i\000n\000s}{section.2.1}% 14
\BOOKMARK [2][-]{subsection.2.1.4}{\376\377\000S\000o\000\040\000s\000\341\000n\000h\000\040\000b\000a\000\040\000n\036\301\000n\000\040\000t\036\243\000n\000g\000\040\000G\000i\000t\000h\000u\000b\000,\000\040\000G\000i\000t\000l\000a\000b\000,\000\040\000J\000e\000n\000k\000i\000n\000s}{section.2.1}% 15
\BOOKMARK [1][-]{section.2.2}{\376\377\000C\000\341\000c\000\040\000c\000\364\000n\000g\000\040\000c\036\345\000\040\000v\000\340\000\040\036\351\000n\000g\000\040\000d\036\345\000n\000g\000\040\000c\036\247\000n\000\040\000t\000h\000i\036\277\000t\000\040\000k\000h\000\341\000c}{chapter.2}% 16
\BOOKMARK [2][-]{subsection.2.2.1}{\376\377\000V\000M\000w\000a\000r\000e\000\040\000W\000o\000r\000k\000s\000t\000a\000t\000i\000o\000n\000\040\000P\000r\000o}{section.2.2}% 17
\BOOKMARK [2][-]{subsection.2.2.2}{\376\377\000N\000g\000i\000n\000x}{section.2.2}% 18
\BOOKMARK [2][-]{subsection.2.2.3}{\376\377\000S\000o\000n\000a\000r\000Q\000u\000b\000e}{section.2.2}% 19
\BOOKMARK [2][-]{subsection.2.2.4}{\376\377\000D\000o\000c\000k\000e\000r}{section.2.2}% 20
\BOOKMARK [0][-]{chapter.3}{\376\377\000X\000\342\000y\000\040\000d\036\361\000n\000g\000\040\000h\036\307\000\040\000t\000h\036\321\000n\000g\000\040\000s\000e\000r\000v\000e\000r\000\040\036\243\000o}{}% 21
\BOOKMARK [1][-]{section.3.1}{\376\377\000G\000i\036\333\000i\000\040\000t\000h\000i\036\307\000u\000\040\000k\000i\036\277\000n\000\040\000t\000r\000\372\000c\000\040\000h\036\307\000\040\000t\000h\036\321\000n\000g}{chapter.3}% 22
\BOOKMARK [2][-]{subsection.3.1.1}{\376\377\000K\000i\036\277\000n\000\040\000t\000r\000\372\000c\000\040\000s\036\355\000\040\000d\036\345\000n\000g\000\040\000c\000h\000o\000\040\000n\036\301\000n\000\040\000t\036\243\000n\000g\000\040\000G\000i\000t\000h\000u\000b\000\040\000v\000\340\000\040\000G\000i\000t\000l\000a\000b}{section.3.1}% 23
\BOOKMARK [2][-]{subsection.3.1.2}{\376\377\000K\000i\036\277\000n\000\040\000t\000r\000\372\000c\000\040\000s\036\355\000\040\000d\036\345\000n\000g\000\040\000c\000h\000o\000\040\000n\036\301\000n\000\040\000t\036\243\000n\000g\000\040\000J\000e\000n\000k\000i\000n\000s}{section.3.1}% 24
\BOOKMARK [1][-]{section.3.2}{\376\377\000C\000\340\000i\000\040\001\021\036\267\000t\000\040\000h\036\307\000\040\000t\000h\036\321\000n\000g\000\040\000s\000e\000r\000v\000e\000r\000\040\036\243\000o}{chapter.3}% 25
\BOOKMARK [0][-]{chapter.4}{\376\377\000X\000\342\000y\000\040\000d\036\361\000n\000g\000\040\000v\000\340\000\040\000t\000r\000i\036\303\000n\000\040\000k\000h\000a\000i\000\040\000q\000u\000y\000\040\000t\000r\000\354\000n\000h\000\040\000C\000I\000/\000C\000D}{}% 26
\BOOKMARK [1][-]{section.4.1}{\376\377\000X\000\342\000y\000\040\000d\036\361\000n\000g\000\040\000q\000u\000y\000\040\000t\000r\000\354\000n\000h\000\040\000C\000I\000/\000C\000D}{chapter.4}% 27
\BOOKMARK [1][-]{section.4.2}{\376\377\000T\000r\000i\036\303\000n\000\040\000k\000h\000a\000i\000\040\000C\000I\000/\000C\000D}{chapter.4}% 28
\BOOKMARK [0][-]{chapter.5}{\376\377\000X\000\342\000y\000\040\000d\036\361\000n\000g\000\040\000c\000\341\000c\000\040\000t\000r\001\260\036\335\000n\000g\000\040\000h\036\343\000p\000\040\000k\000i\036\303\000m\000\040\000t\000h\036\355\000\040\000v\000\340\000\040\000t\000r\000\354\000n\000h\000\040\000b\000\340\000y\000\040\000k\036\277\000t\000\040\000q\000u\036\243}{}% 29
\BOOKMARK [1][-]{section.5.1}{\376\377\000V\000i\036\277\000t\000\040\000U\000n\000i\000t\000\040\000T\000e\000s\000t\000\040\000v\000\340\000\040\000I\000n\000t\000e\000g\000r\000a\000t\000i\000o\000n\000\040\000T\000e\000s\000t}{chapter.5}% 30
\BOOKMARK [1][-]{section.5.2}{\376\377\000T\000r\000\354\000n\000h\000\040\000b\000\340\000y\000\040\000k\036\277\000t\000\040\000q\000u\036\243}{chapter.5}% 31
\BOOKMARK [0][-]{chapter*.22}{\376\377\000K\036\277\000t\000\040\000l\000u\036\255\000n\000\040\000v\000\340\000\040\000h\001\260\036\333\000n\000g\000\040\000n\000g\000h\000i\000\352\000n\000\040\000c\036\351\000u}{}% 32
\BOOKMARK [0][-]{chapter*.23}{\376\377\000T\000\340\000i\000\040\000l\000i\036\307\000u\000\040\000t\000h\000a\000m\000\040\000k\000h\036\243\000o}{}% 33
